<?xml version="1.0" encoding="UTF-8"?>
<!-- Generated by org.testng.reporters.JUnitReportReporter -->
<testsuite skipped="0" hostname="DESKTOP-CIA7Q19" name="ParameterAll.OwnerName_Pathparam" tests="1" failures="0" timestamp="01 Dec 2022 13:33:00 GMT" time="5.027" errors="0">
  <testcase name="getRepoParameter" time="5.027" classname="ParameterAll.OwnerName_Pathparam"/>
</testsuite> <!-- ParameterAll.OwnerName_Pathparam -->
