<?xml version="1.0" encoding="UTF-8"?>
<!-- Generated by org.testng.reporters.JUnitReportReporter -->
<testsuite skipped="0" hostname="DESKTOP-CIA7Q19" name="ParameterAll.QuerryParameter" tests="1" failures="0" timestamp="21 May 2023 06:28:40 GMT" time="5.034" errors="0">
  <testcase name="getQurreyParameter" time="5.034" classname="ParameterAll.QuerryParameter"/>
</testsuite> <!-- ParameterAll.QuerryParameter -->
