<?xml version="1.0" encoding="UTF-8"?>
<!-- Generated by org.testng.reporters.JUnitReportReporter -->
<testsuite skipped="0" hostname="DESKTOP-CIA7Q19" name="ResponseValidation.DynamicValidation" tests="1" failures="0" timestamp="21 May 2023 05:59:55 GMT" time="5.285" errors="0">
  <testcase name="dynamicvali" time="5.285" classname="ResponseValidation.DynamicValidation"/>
</testsuite> <!-- ResponseValidation.DynamicValidation -->
