<?xml version="1.0" encoding="UTF-8"?>
<!-- Generated by org.testng.reporters.JUnitReportReporter -->
<testsuite skipped="0" hostname="DESKTOP-CIA7Q19" name="ResponseValidation.ValidateHeader" tests="1" failures="0" timestamp="26 Dec 2022 06:13:49 GMT" time="3.524" errors="0">
  <testcase name="getValidateHeader" time="3.524" classname="ResponseValidation.ValidateHeader"/>
</testsuite> <!-- ResponseValidation.ValidateHeader -->
