<?xml version="1.0" encoding="UTF-8"?>
<!-- Generated by org.testng.reporters.JUnitReportReporter -->
<testsuite skipped="0" hostname="DESKTOP-CIA7Q19" name="ResponseValidation.ValidateResponseBoddyByJsonPath" tests="1" failures="0" timestamp="26 Dec 2022 06:14:12 GMT" time="4.496" errors="0">
  <testcase name="responseBody" time="4.496" classname="ResponseValidation.ValidateResponseBoddyByJsonPath"/>
</testsuite> <!-- ResponseValidation.ValidateResponseBoddyByJsonPath -->
