<?xml version="1.0" encoding="UTF-8"?>
<!-- Generated by org.testng.reporters.JUnitReportReporter -->
<testsuite skipped="0" hostname="DESKTOP-CIA7Q19" name="Project1.Get_allProjects" tests="1" failures="0" timestamp="20 May 2023 17:31:48 GMT" time="7.136" errors="0">
  <testcase name="getAllProjects" time="7.136" classname="Project1.Get_allProjects"/>
</testsuite> <!-- Project1.Get_allProjects -->
