<?xml version="1.0" encoding="UTF-8"?>
<!-- Generated by org.testng.reporters.JUnitReportReporter -->
<testsuite skipped="0" hostname="DESKTOP-CIA7Q19" name="DiffrentwaysToPostRequest.CreateUsingHashmap" tests="1" failures="0" timestamp="20 May 2023 17:00:55 GMT" time="8.410" errors="0">
  <testcase name="createProjectTest" time="8.410" classname="DiffrentwaysToPostRequest.CreateUsingHashmap"/>
</testsuite> <!-- DiffrentwaysToPostRequest.CreateUsingHashmap -->
