<?xml version="1.0" encoding="UTF-8"?>
<!-- Generated by org.testng.reporters.JUnitReportReporter -->
<testsuite skipped="0" hostname="DESKTOP-CIA7Q19" name="ResponseValidation.Static_Validation" tests="1" failures="0" timestamp="21 May 2023 06:01:09 GMT" time="5.415" errors="0">
  <testcase name="staticvali" time="5.415" classname="ResponseValidation.Static_Validation"/>
</testsuite> <!-- ResponseValidation.Static_Validation -->
