<?xml version="1.0" encoding="UTF-8"?>
<!-- Generated by org.testng.reporters.JUnitReportReporter -->
<testsuite skipped="0" hostname="DESKTOP-CIA7Q19" name="Parameters.QueryParameter" tests="1" failures="0" timestamp="21 May 2023 06:22:58 GMT" time="4.087" errors="0">
  <testcase name="quaryparameter" time="4.087" classname="Parameters.QueryParameter"/>
</testsuite> <!-- Parameters.QueryParameter -->
