<?xml version="1.0" encoding="UTF-8"?>
<!-- Generated by org.testng.reporters.JUnitReportReporter -->
<testsuite skipped="0" hostname="DESKTOP-CIA7Q19" name="CURD_Without_BDD.DeletProject" tests="1" failures="0" timestamp="21 Dec 2022 09:26:11 GMT" time="8.004" errors="0">
  <testcase name="deletproject" time="8.004" classname="CURD_Without_BDD.DeletProject"/>
</testsuite> <!-- CURD_Without_BDD.DeletProject -->
