<?xml version="1.0" encoding="UTF-8"?>
<!-- Generated by org.testng.reporters.JUnitReportReporter -->
<testsuite skipped="0" hostname="DESKTOP-CIA7Q19" name="ResponseValidation.ResponseBody" tests="1" failures="0" timestamp="26 Dec 2022 06:07:21 GMT" time="4.934" errors="0">
  <testcase name="validateHearder" time="4.934" classname="ResponseValidation.ResponseBody"/>
</testsuite> <!-- ResponseValidation.ResponseBody -->
