<?xml version="1.0" encoding="UTF-8"?>
<!-- Generated by org.testng.reporters.JUnitReportReporter -->
<testsuite skipped="0" hostname="DESKTOP-CIA7Q19" name="DiffrentwaysToPostRequest.JsonFile" tests="1" failures="0" timestamp="20 May 2023 17:30:36 GMT" time="9.281" errors="0">
  <testcase name="createjsonObject" time="9.281" classname="DiffrentwaysToPostRequest.JsonFile"/>
</testsuite> <!-- DiffrentwaysToPostRequest.JsonFile -->
