<?xml version="1.0" encoding="UTF-8"?>
<!-- Generated by org.testng.reporters.JUnitReportReporter -->
<testsuite skipped="0" hostname="DESKTOP-CIA7Q19" name="Jacson_serilization.Serilization" tests="1" failures="0" timestamp="26 Dec 2022 05:40:57 GMT" time="0.297" errors="0">
  <testcase name="serilaz" time="0.297" classname="Jacson_serilization.Serilization"/>
</testsuite> <!-- Jacson_serilization.Serilization -->
