<?xml version="1.0" encoding="UTF-8"?>
<!-- Generated by org.testng.reporters.JUnitReportReporter -->
<testsuite skipped="0" hostname="DESKTOP-CIA7Q19" name="CURD_Without_BDD.GetProject" tests="1" failures="0" timestamp="21 Dec 2022 09:22:27 GMT" time="7.699" errors="0">
  <testcase name="addproject" time="7.699" classname="CURD_Without_BDD.GetProject"/>
</testsuite> <!-- CURD_Without_BDD.GetProject -->
