<?xml version="1.0" encoding="UTF-8"?>
<!-- Generated by org.testng.reporters.JUnitReportReporter -->
<testsuite skipped="0" hostname="DESKTOP-CIA7Q19" name="CURD_With_BDD.GetProject" tests="1" failures="0" timestamp="21 Dec 2022 10:26:20 GMT" time="4.094" errors="0">
  <testcase name="getProject" time="4.094" classname="CURD_With_BDD.GetProject"/>
</testsuite> <!-- CURD_With_BDD.GetProject -->
