<?xml version="1.0" encoding="UTF-8"?>
<!-- Generated by org.testng.reporters.JUnitReportReporter -->
<testsuite skipped="0" hostname="DESKTOP-CIA7Q19" name="CURD_Without_BDD.AddProject" tests="1" failures="0" timestamp="21 Dec 2022 09:19:21 GMT" time="11.746" errors="0">
  <testcase name="addproject" time="11.746" classname="CURD_Without_BDD.AddProject"/>
</testsuite> <!-- CURD_Without_BDD.AddProject -->
