<?xml version="1.0" encoding="UTF-8"?>
<!-- Generated by org.testng.reporters.JUnitReportReporter -->
<testsuite skipped="0" hostname="DESKTOP-CIA7Q19" name="CURD_Without_BDD.GetAllProjrcts" tests="1" failures="0" timestamp="21 Dec 2022 09:57:19 GMT" time="14.616" errors="0">
  <testcase name="getproject" time="14.616" classname="CURD_Without_BDD.GetAllProjrcts"/>
</testsuite> <!-- CURD_Without_BDD.GetAllProjrcts -->
