<?xml version="1.0" encoding="UTF-8"?>
<!-- Generated by org.testng.reporters.JUnitReportReporter -->
<testsuite skipped="0" hostname="DESKTOP-CIA7Q19" name="Parameters.PathParameter" tests="1" failures="0" timestamp="21 May 2023 06:21:29 GMT" time="3.679" errors="0">
  <testcase name="pathparameter" time="3.679" classname="Parameters.PathParameter"/>
</testsuite> <!-- Parameters.PathParameter -->
