<?xml version="1.0" encoding="UTF-8"?>
<!-- Generated by org.testng.reporters.JUnitReportReporter -->
<testsuite skipped="0" hostname="DESKTOP-CIA7Q19" name="ParameterAll.Path_Parameter" tests="1" failures="0" timestamp="01 Dec 2022 14:05:32 GMT" time="4.497" errors="0">
  <testcase name="getRepoTest" time="4.497" classname="ParameterAll.Path_Parameter"/>
</testsuite> <!-- ParameterAll.Path_Parameter -->
