<?xml version="1.0" encoding="UTF-8"?>
<!-- Generated by org.testng.reporters.JUnitReportReporter -->
<testsuite skipped="0" hostname="DESKTOP-CIA7Q19" name="ParameterAll.Path_Parame" tests="1" failures="0" timestamp="01 Dec 2022 13:24:20 GMT" time="4.886" errors="0">
  <testcase name="getRepoTest" time="4.886" classname="ParameterAll.Path_Parame"/>
</testsuite> <!-- ParameterAll.Path_Parame -->
